This file contains any messages produced by compilers while
running configure, to aid debugging if configure makes a mistake.

It was created by configure, which was
generated by GNU Autoconf 2.58.  Invocation command line was

  $ ./configure 

## --------- ##
## Platform. ##
## --------- ##

hostname = lightstruk
uname -m = i686
uname -r = 2.4.23_pre8-gss
uname -s = Linux
uname -v = #3 Fri Dec 26 18:06:38 EST 2003

/usr/bin/uname -p = AMD Athlon(tm) XP
/bin/uname -X     = unknown

/bin/arch              = i686
/usr/bin/arch -k       = unknown
/usr/convex/getsysinfo = unknown
hostinfo               = unknown
/bin/machine           = unknown
/usr/bin/oslevel       = unknown
/bin/universe          = unknown

PATH: /usr/kde/3.1/bin
PATH: /bin
PATH: /usr/bin
PATH: /usr/local/bin
PATH: /opt/bin
PATH: /usr/i686-pc-linux-gnu/gcc-bin/3.3
PATH: /opt/Acrobat5
PATH: /usr/X11R6/bin
PATH: /usr/i686-pc-linux-gnu/gcc-bin/3.2
PATH: /opt/sun-jdk-1.4.2.01/bin
PATH: /opt/sun-jdk-1.4.2.01/jre/bin
PATH: /opt/sun-jdk-1.4.2.01/jre/javaws
PATH: /usr/qt/3/bin
PATH: /usr/kde/3.1/bin
PATH: /usr/games/bin
PATH: /usr/share/karamba/bin


## ----------- ##
## Core tests. ##
## ----------- ##

configure:1517: checking for a BSD-compatible install
configure:1572: result: /bin/install -c
configure:1583: checking whether build environment is sane
configure:1626: result: yes
configure:1641: checking whether make sets $(MAKE)
configure:1661: result: yes
configure:1693: checking for working aclocal-1.4
configure:1700: result: found
configure:1708: checking for working autoconf
configure:1715: result: found
configure:1723: checking for working automake-1.4
configure:1730: result: found
configure:1738: checking for working autoheader
configure:1745: result: found
configure:1753: checking for working makeinfo
configure:1760: result: found
configure:1864: checking for C++ compiler version
configure:1867: g++ --version </dev/null >&5
g++ (GCC) 3.3.2 20031022 (Gentoo Linux 3.3.2-r3, propolice)
Copyright (C) 2003 Free Software Foundation, Inc.
This is free software; see the source for copying conditions.  There is NO
warranty; not even for MERCHANTABILITY or FITNESS FOR A PARTICULAR PURPOSE.

configure:1870: $? = 0
configure:1872: g++ -v </dev/null >&5
Reading specs from /usr/lib/gcc-lib/i686-pc-linux-gnu/3.3.2/specs
Configured with: /var/tmp/portage/gcc-3.3.2-r3/work/gcc-3.3.2/configure --prefix=/usr --bindir=/usr/i686-pc-linux-gnu/gcc-bin/3.3 --includedir=/usr/lib/gcc-lib/i686-pc-linux-gnu/3.3.2/include --datadir=/usr/share/gcc-data/i686-pc-linux-gnu/3.3 --mandir=/usr/share/gcc-data/i686-pc-linux-gnu/3.3/man --infodir=/usr/share/gcc-data/i686-pc-linux-gnu/3.3/info --enable-shared --host=i686-pc-linux-gnu --target=i686-pc-linux-gnu --with-system-zlib --enable-languages=c,c++,f77,objc,java --enable-threads=posix --enable-long-long --disable-checking --enable-cstdio=stdio --enable-clocale=generic --enable-__cxa_atexit --enable-version-specific-runtime-libs --with-gxx-include-dir=/usr/lib/gcc-lib/i686-pc-linux-gnu/3.3.2/include/g++-v3 --with-local-prefix=/usr/local --enable-shared --enable-nls --without-included-gettext --x-includes=/usr/X11R6/include --x-libraries=/usr/X11R6/lib --enable-interpreter --enable-java-awt=xlib --with-x --disable-multilib
Thread model: posix
gcc version 3.3.2 20031022 (Gentoo Linux 3.3.2-r3, propolice)
configure:1875: $? = 0
configure:1877: g++ -V </dev/null >&5
g++: `-V' option must have argument
configure:1880: $? = 1
configure:1903: checking for C++ compiler default output file name
configure:1906: g++    conftest.cc  >&5
configure:1909: $? = 0
configure:1955: result: a.out
configure:1960: checking whether the C++ compiler works
configure:1966: ./a.out
configure:1969: $? = 0
configure:1986: result: yes
configure:1993: checking whether we are cross compiling
configure:1995: result: no
configure:1998: checking for suffix of executables
configure:2000: g++ -o conftest    conftest.cc  >&5
configure:2003: $? = 0
configure:2028: result: 
configure:2034: checking for suffix of object files
configure:2055: g++ -c   conftest.cc >&5
configure:2058: $? = 0
configure:2080: result: o
configure:2084: checking whether we are using the GNU C++ compiler
configure:2108: g++ -c   conftest.cc >&5
configure:2114: $? = 0
configure:2118: test -z 
			 || test ! -s conftest.err
configure:2121: $? = 0
configure:2124: test -s conftest.o
configure:2127: $? = 0
configure:2140: result: yes
configure:2146: checking whether g++ accepts -g
configure:2167: g++ -c -g  conftest.cc >&5
configure:2173: $? = 0
configure:2177: test -z 
			 || test ! -s conftest.err
configure:2180: $? = 0
configure:2183: test -s conftest.o
configure:2186: $? = 0
configure:2197: result: yes
configure:2239: g++ -c -g -O2  conftest.cc >&5
configure:2245: $? = 0
configure:2249: test -z 
			 || test ! -s conftest.err
configure:2252: $? = 0
configure:2255: test -s conftest.o
configure:2258: $? = 0
configure:2284: g++ -c -g -O2  conftest.cc >&5
conftest.cc: In function `int main()':
conftest.cc:15: error: `exit' undeclared (first use this function)
conftest.cc:15: error: (Each undeclared identifier is reported only once for 
   each function it appears in.)
configure:2290: $? = 1
configure: failed program was:
| /* confdefs.h.  */
| 
| #define PACKAGE_NAME ""
| #define PACKAGE_TARNAME ""
| #define PACKAGE_VERSION ""
| #define PACKAGE_STRING ""
| #define PACKAGE_BUGREPORT ""
| #define PACKAGE "comical"
| #define VERSION "0.4"
| /* end confdefs.h.  */
| 
| int
| main ()
| {
| exit (42);
|   ;
|   return 0;
| }
configure:2239: g++ -c -g -O2  conftest.cc >&5
configure:2245: $? = 0
configure:2249: test -z 
			 || test ! -s conftest.err
configure:2252: $? = 0
configure:2255: test -s conftest.o
configure:2258: $? = 0
configure:2284: g++ -c -g -O2  conftest.cc >&5
configure:2290: $? = 0
configure:2294: test -z 
			 || test ! -s conftest.err
configure:2297: $? = 0
configure:2300: test -s conftest.o
configure:2303: $? = 0
configure:2339: checking for a BSD-compatible install
configure:2394: result: /bin/install -c
configure:2478: checking build system type
configure:2496: result: i686-pc-linux-gnu
configure:2504: checking host system type
configure:2518: result: i686-pc-linux-gnu
configure:2572: checking for gcc
configure:2598: result: gcc
configure:2842: checking for C compiler version
configure:2845: gcc --version </dev/null >&5
gcc (GCC) 3.3.2 20031022 (Gentoo Linux 3.3.2-r3, propolice)
Copyright (C) 2003 Free Software Foundation, Inc.
This is free software; see the source for copying conditions.  There is NO
warranty; not even for MERCHANTABILITY or FITNESS FOR A PARTICULAR PURPOSE.

configure:2848: $? = 0
configure:2850: gcc -v </dev/null >&5
Reading specs from /usr/lib/gcc-lib/i686-pc-linux-gnu/3.3.2/specs
Configured with: /var/tmp/portage/gcc-3.3.2-r3/work/gcc-3.3.2/configure --prefix=/usr --bindir=/usr/i686-pc-linux-gnu/gcc-bin/3.3 --includedir=/usr/lib/gcc-lib/i686-pc-linux-gnu/3.3.2/include --datadir=/usr/share/gcc-data/i686-pc-linux-gnu/3.3 --mandir=/usr/share/gcc-data/i686-pc-linux-gnu/3.3/man --infodir=/usr/share/gcc-data/i686-pc-linux-gnu/3.3/info --enable-shared --host=i686-pc-linux-gnu --target=i686-pc-linux-gnu --with-system-zlib --enable-languages=c,c++,f77,objc,java --enable-threads=posix --enable-long-long --disable-checking --enable-cstdio=stdio --enable-clocale=generic --enable-__cxa_atexit --enable-version-specific-runtime-libs --with-gxx-include-dir=/usr/lib/gcc-lib/i686-pc-linux-gnu/3.3.2/include/g++-v3 --with-local-prefix=/usr/local --enable-shared --enable-nls --without-included-gettext --x-includes=/usr/X11R6/include --x-libraries=/usr/X11R6/lib --enable-interpreter --enable-java-awt=xlib --with-x --disable-multilib
Thread model: posix
gcc version 3.3.2 20031022 (Gentoo Linux 3.3.2-r3, propolice)
configure:2853: $? = 0
configure:2855: gcc -V </dev/null >&5
gcc: `-V' option must have argument
configure:2858: $? = 1
configure:2861: checking whether we are using the GNU C compiler
configure:2885: gcc -c   conftest.c >&5
configure:2891: $? = 0
configure:2895: test -z 
			 || test ! -s conftest.err
configure:2898: $? = 0
configure:2901: test -s conftest.o
configure:2904: $? = 0
configure:2917: result: yes
configure:2923: checking whether gcc accepts -g
configure:2944: gcc -c -g  conftest.c >&5
configure:2950: $? = 0
configure:2954: test -z 
			 || test ! -s conftest.err
configure:2957: $? = 0
configure:2960: test -s conftest.o
configure:2963: $? = 0
configure:2974: result: yes
configure:2991: checking for gcc option to accept ANSI C
configure:3061: gcc  -c -g -O2  conftest.c >&5
configure:3067: $? = 0
configure:3071: test -z 
			 || test ! -s conftest.err
configure:3074: $? = 0
configure:3077: test -s conftest.o
configure:3080: $? = 0
configure:3098: result: none needed
configure:3116: gcc -c -g -O2  conftest.c >&5
conftest.c:2: error: syntax error before "me"
configure:3122: $? = 1
configure: failed program was:
| #ifndef __cplusplus
|   choke me
| #endif
configure:3277: checking for ld used by GCC
configure:3340: result: /usr/i686-pc-linux-gnu/bin/ld
configure:3349: checking if the linker (/usr/i686-pc-linux-gnu/bin/ld) is GNU ld
GNU ld version 2.14.90.0.6 20030820
configure:3361: result: yes
configure:3366: checking for /usr/i686-pc-linux-gnu/bin/ld option to reload object files
configure:3373: result: -r
configure:3378: checking for BSD-compatible nm
configure:3414: result: /usr/bin/nm -B
configure:3417: checking for a sed that does not truncate output
configure:3499: result: /bin/sed
configure:3502: checking whether ln -s works
configure:3506: result: yes
configure:3513: checking how to recognise dependent libraries
configure:3694: result: pass_all
configure:3707: checking command to parse /usr/bin/nm -B output
configure:3791: gcc -c -g -O2  conftest.c >&5
configure:3794: $? = 0
configure:3798: /usr/bin/nm -B conftest.o \| sed -n -e 's/^.*[ 	]\([ABCDGISTW][ABCDGISTW]*\)[ 	][ 	]*\(\)\([_A-Za-z][_A-Za-z0-9]*\)$/\1 \2\3 \3/p' \> conftest.nm
configure:3801: $? = 0
configure:3853: gcc -o conftest -g -O2   conftest.c conftstm.o >&5
configure:3856: $? = 0
configure:3900: result: ok
configure:3909: checking how to run the C preprocessor
configure:3944: gcc -E  conftest.c
configure:3950: $? = 0
configure:3982: gcc -E  conftest.c
conftest.c:14:28: ac_nonexistent.h: No such file or directory
configure:3988: $? = 1
configure: failed program was:
| /* confdefs.h.  */
| 
| #define PACKAGE_NAME ""
| #define PACKAGE_TARNAME ""
| #define PACKAGE_VERSION ""
| #define PACKAGE_STRING ""
| #define PACKAGE_BUGREPORT ""
| #define PACKAGE "comical"
| #define VERSION "0.4"
| #ifdef __cplusplus
| extern "C" void std::exit (int) throw (); using std::exit;
| #endif
| /* end confdefs.h.  */
| #include <ac_nonexistent.h>
configure:4027: result: gcc -E
configure:4051: gcc -E  conftest.c
configure:4057: $? = 0
configure:4089: gcc -E  conftest.c
conftest.c:14:28: ac_nonexistent.h: No such file or directory
configure:4095: $? = 1
configure: failed program was:
| /* confdefs.h.  */
| 
| #define PACKAGE_NAME ""
| #define PACKAGE_TARNAME ""
| #define PACKAGE_VERSION ""
| #define PACKAGE_STRING ""
| #define PACKAGE_BUGREPORT ""
| #define PACKAGE "comical"
| #define VERSION "0.4"
| #ifdef __cplusplus
| extern "C" void std::exit (int) throw (); using std::exit;
| #endif
| /* end confdefs.h.  */
| #include <ac_nonexistent.h>
configure:4139: checking for egrep
configure:4149: result: grep -E
configure:4154: checking for ANSI C header files
configure:4179: gcc -c -g -O2  conftest.c >&5
configure:4185: $? = 0
configure:4189: test -z 
			 || test ! -s conftest.err
configure:4192: $? = 0
configure:4195: test -s conftest.o
configure:4198: $? = 0
configure:4284: gcc -o conftest -g -O2   conftest.c  >&5
configure:4287: $? = 0
configure:4289: ./conftest
configure:4292: $? = 0
configure:4307: result: yes
configure:4331: checking for sys/types.h
configure:4347: gcc -c -g -O2  conftest.c >&5
configure:4353: $? = 0
configure:4357: test -z 
			 || test ! -s conftest.err
configure:4360: $? = 0
configure:4363: test -s conftest.o
configure:4366: $? = 0
configure:4377: result: yes
configure:4331: checking for sys/stat.h
configure:4347: gcc -c -g -O2  conftest.c >&5
configure:4353: $? = 0
configure:4357: test -z 
			 || test ! -s conftest.err
configure:4360: $? = 0
configure:4363: test -s conftest.o
configure:4366: $? = 0
configure:4377: result: yes
configure:4331: checking for stdlib.h
configure:4347: gcc -c -g -O2  conftest.c >&5
configure:4353: $? = 0
configure:4357: test -z 
			 || test ! -s conftest.err
configure:4360: $? = 0
configure:4363: test -s conftest.o
configure:4366: $? = 0
configure:4377: result: yes
configure:4331: checking for string.h
configure:4347: gcc -c -g -O2  conftest.c >&5
configure:4353: $? = 0
configure:4357: test -z 
			 || test ! -s conftest.err
configure:4360: $? = 0
configure:4363: test -s conftest.o
configure:4366: $? = 0
configure:4377: result: yes
configure:4331: checking for memory.h
configure:4347: gcc -c -g -O2  conftest.c >&5
configure:4353: $? = 0
configure:4357: test -z 
			 || test ! -s conftest.err
configure:4360: $? = 0
configure:4363: test -s conftest.o
configure:4366: $? = 0
configure:4377: result: yes
configure:4331: checking for strings.h
configure:4347: gcc -c -g -O2  conftest.c >&5
configure:4353: $? = 0
configure:4357: test -z 
			 || test ! -s conftest.err
configure:4360: $? = 0
configure:4363: test -s conftest.o
configure:4366: $? = 0
configure:4377: result: yes
configure:4331: checking for inttypes.h
configure:4347: gcc -c -g -O2  conftest.c >&5
configure:4353: $? = 0
configure:4357: test -z 
			 || test ! -s conftest.err
configure:4360: $? = 0
configure:4363: test -s conftest.o
configure:4366: $? = 0
configure:4377: result: yes
configure:4331: checking for stdint.h
configure:4347: gcc -c -g -O2  conftest.c >&5
configure:4353: $? = 0
configure:4357: test -z 
			 || test ! -s conftest.err
configure:4360: $? = 0
configure:4363: test -s conftest.o
configure:4366: $? = 0
configure:4377: result: yes
configure:4331: checking for unistd.h
configure:4347: gcc -c -g -O2  conftest.c >&5
configure:4353: $? = 0
configure:4357: test -z 
			 || test ! -s conftest.err
configure:4360: $? = 0
configure:4363: test -s conftest.o
configure:4366: $? = 0
configure:4377: result: yes
configure:4403: checking dlfcn.h usability
configure:4415: gcc -c -g -O2  conftest.c >&5
configure:4421: $? = 0
configure:4425: test -z 
			 || test ! -s conftest.err
configure:4428: $? = 0
configure:4431: test -s conftest.o
configure:4434: $? = 0
configure:4444: result: yes
configure:4448: checking dlfcn.h presence
configure:4458: gcc -E  conftest.c
configure:4464: $? = 0
configure:4484: result: yes
configure:4519: checking for dlfcn.h
configure:4526: result: yes
configure:4724: checking for ranlib
configure:4740: found /usr/bin/ranlib
configure:4751: result: ranlib
configure:4804: checking for strip
configure:4820: found /usr/bin/strip
configure:4831: result: strip
configure:4884: gcc -c -g -O2  conftest.c >&5
configure:4887: $? = 0
configure:5069: checking for objdir
configure:5080: result: .libs
configure:5097: checking for gcc option to produce PIC
configure:5243: result: -fPIC
configure:5247: checking if gcc PIC flag -fPIC works
configure:5270: gcc -c -g -O2 -fPIC -DPIC  conftest.c >&5
configure:5276: $? = 0
configure:5280: test -z 
			 || test ! -s conftest.err
configure:5283: $? = 0
configure:5286: test -s conftest.o
configure:5289: $? = 0
configure:5327: result: yes
configure:5343: checking if gcc static flag -static works
configure:5367: gcc -o conftest -g -O2   -static conftest.c  >&5
configure:5373: $? = 0
configure:5377: test -z 
			 || test ! -s conftest.err
configure:5380: $? = 0
configure:5383: test -s conftest
configure:5386: $? = 0
configure:5403: result: yes
configure:5415: checking if gcc supports -c -o file.o
configure:5438: gcc -c -g -O2 -o out/conftest2.o  conftest.c >&5
configure:5459: result: yes
configure:5464: checking if gcc supports -c -o file.lo
configure:5491: gcc -c -g -O2 -c -o conftest.lo  conftest.c >&5
configure:5497: $? = 0
configure:5501: test -z 
			 || test ! -s conftest.err
configure:5504: $? = 0
configure:5507: test -s conftest.lo
configure:5510: $? = 0
configure:5532: result: yes
configure:5563: checking if gcc supports -fno-rtti -fno-exceptions
configure:5585: gcc -c -g -O2 -fno-rtti -fno-exceptions -c conftest.c  conftest.c >&5
cc1: warning: "-fno-rtti" is valid for C++ but not for C/ObjC
cc1: warning: "-fno-rtti" is valid for C++ but not for C/ObjC
configure:5591: $? = 0
configure:5595: test -z 
			 || test ! -s conftest.err
configure:5598: $? = 0
configure:5601: test -s conftest.o
configure:5604: $? = 0
configure:5621: result: no
configure:5632: checking whether the linker (/usr/i686-pc-linux-gnu/bin/ld) supports shared libraries
configure:6327: result: yes
configure:6332: checking how to hardcode library paths into programs
configure:6356: result: immediate
configure:6361: checking whether stripping libraries is possible
configure:6366: result: yes
configure:6377: checking dynamic linker characteristics
configure:6815: result: GNU/Linux ld.so
configure:6820: checking if libtool supports shared libraries
configure:6822: result: yes
configure:6825: checking whether to build shared libraries
configure:6846: result: yes
configure:6849: checking whether to build static libraries
configure:6853: result: yes
configure:7603: checking whether -lc should be explicitly linked in
configure:7611: gcc -c -g -O2  conftest.c >&5
configure:7614: $? = 0
configure:7628: gcc -shared conftest.o  -v -Wl,-soname -Wl,conftest -o conftest 2\>\&1 \| grep  -lc  \>/dev/null 2\>\&1
configure:7631: $? = 0
configure:7644: result: no
configure:8233: checking wxWindows version
configure:8236: result: 2.4.2
configure:8389: creating ./config.status

## ---------------------- ##
## Running config.status. ##
## ---------------------- ##

This file was extended by config.status, which was
generated by GNU Autoconf 2.58.  Invocation command line was

  CONFIG_FILES    = 
  CONFIG_HEADERS  = 
  CONFIG_LINKS    = 
  CONFIG_COMMANDS = 
  $ ./config.status 

on lightstruk

config.status:666: creating Makefile
config.status:666: creating src/Makefile

## ---------------- ##
## Cache variables. ##
## ---------------- ##

ac_cv_build=i686-pc-linux-gnu
ac_cv_build_alias=i686-pc-linux-gnu
ac_cv_c_compiler_gnu=yes
ac_cv_cxx_compiler_gnu=yes
ac_cv_env_CC_set=set
ac_cv_env_CC_value=gcc
ac_cv_env_CFLAGS_set=
ac_cv_env_CFLAGS_value=
ac_cv_env_CPPFLAGS_set=
ac_cv_env_CPPFLAGS_value=
ac_cv_env_CPP_set=
ac_cv_env_CPP_value=
ac_cv_env_CXXFLAGS_set=
ac_cv_env_CXXFLAGS_value=
ac_cv_env_CXX_set=set
ac_cv_env_CXX_value=g++
ac_cv_env_LDFLAGS_set=
ac_cv_env_LDFLAGS_value=
ac_cv_env_build_alias_set=
ac_cv_env_build_alias_value=
ac_cv_env_host_alias_set=
ac_cv_env_host_alias_value=
ac_cv_env_target_alias_set=
ac_cv_env_target_alias_value=
ac_cv_exeext=
ac_cv_header_dlfcn_h=yes
ac_cv_header_inttypes_h=yes
ac_cv_header_memory_h=yes
ac_cv_header_stdc=yes
ac_cv_header_stdint_h=yes
ac_cv_header_stdlib_h=yes
ac_cv_header_string_h=yes
ac_cv_header_strings_h=yes
ac_cv_header_sys_stat_h=yes
ac_cv_header_sys_types_h=yes
ac_cv_header_unistd_h=yes
ac_cv_host=i686-pc-linux-gnu
ac_cv_host_alias=i686-pc-linux-gnu
ac_cv_objext=o
ac_cv_path_install='/bin/install -c'
ac_cv_prog_CPP='gcc -E'
ac_cv_prog_ac_ct_CC=gcc
ac_cv_prog_ac_ct_RANLIB=ranlib
ac_cv_prog_ac_ct_STRIP=strip
ac_cv_prog_cc_g=yes
ac_cv_prog_cc_stdc=
ac_cv_prog_cxx_g=yes
ac_cv_prog_egrep='grep -E'
ac_cv_prog_make_make_set=yes
lt_cv_archive_cmds_need_lc=no
lt_cv_cc_64bit_output=no
lt_cv_compiler_c_o=yes
lt_cv_compiler_o_lo=yes
lt_cv_deplibs_check_method=pass_all
lt_cv_file_magic_cmd='$MAGIC_CMD'
lt_cv_file_magic_test_file='/lib/libc.so.6 /lib/libc-2.3.2.so'
lt_cv_global_symbol_to_c_name_address='sed -n -e '\''s/^: \([^ ]*\) $/  {\"\1\", (lt_ptr) 0},/p'\'' -e '\''s/^[BCDEGRST] \([^ ]*\) \([^ ]*\)$/  {"\2", (lt_ptr) \&\2},/p'\'''
lt_cv_global_symbol_to_cdecl='sed -n -e '\''s/^. .* \(.*\)$/extern char \1;/p'\'''
lt_cv_ld_reload_flag=-r
lt_cv_path_LD=/usr/i686-pc-linux-gnu/bin/ld
lt_cv_path_NM='/usr/bin/nm -B'
lt_cv_path_SED=/bin/sed
lt_cv_prog_cc_can_build_shared=yes
lt_cv_prog_cc_no_builtin=
lt_cv_prog_cc_pic=' -fPIC'
lt_cv_prog_cc_pic_works=yes
lt_cv_prog_cc_shlib=
lt_cv_prog_cc_static=-static
lt_cv_prog_cc_static_works=yes
lt_cv_prog_cc_wl=-Wl,
lt_cv_prog_gnu_ld=yes
lt_cv_sys_global_symbol_pipe='sed -n -e '\''s/^.*[ 	]\([ABCDGISTW][ABCDGISTW]*\)[ 	][ 	]*\(\)\([_A-Za-z][_A-Za-z0-9]*\)$/\1 \2\3 \3/p'\'''

## ----------------- ##
## Output variables. ##
## ----------------- ##

ACLOCAL='aclocal-1.4'
AUTOCONF='autoconf'
AUTOHEADER='autoheader'
AUTOMAKE='automake-1.4'
CC='gcc'
CFLAGS='-g -O2'
CPP='gcc -E'
CPPFLAGS=' -Wall -g -fexceptions -I/usr/lib/wx/include/gtk2-2.4 -DGTK_NO_CHECK_CASTS -D__WXGTK__ -D_FILE_OFFSET_BITS=64 -D_LARGE_FILES'
CXX='g++'
CXXFLAGS=' -Wall -g -fexceptions -Wall -g -fexceptions -I/usr/lib/wx/include/gtk2-2.4 -DGTK_NO_CHECK_CASTS -D__WXGTK__ -D_FILE_OFFSET_BITS=64 -D_LARGE_FILES'
DEFS='-DPACKAGE_NAME=\"\" -DPACKAGE_TARNAME=\"\" -DPACKAGE_VERSION=\"\" -DPACKAGE_STRING=\"\" -DPACKAGE_BUGREPORT=\"\" -DPACKAGE=\"comical\" -DVERSION=\"0.4\" -DSTDC_HEADERS=1 -DHAVE_SYS_TYPES_H=1 -DHAVE_SYS_STAT_H=1 -DHAVE_STDLIB_H=1 -DHAVE_STRING_H=1 -DHAVE_MEMORY_H=1 -DHAVE_STRINGS_H=1 -DHAVE_INTTYPES_H=1 -DHAVE_STDINT_H=1 -DHAVE_UNISTD_H=1 -DHAVE_DLFCN_H=1 '
ECHO='echo'
ECHO_C=''
ECHO_N='-n'
ECHO_T=''
EGREP='grep -E'
EXEEXT=''
INSTALL_DATA='${INSTALL} -m 644'
INSTALL_PROGRAM='${INSTALL}'
INSTALL_SCRIPT='${INSTALL}'
LDFLAGS=''
LIBOBJS=''
LIBS=''
LIBTOOL='$(SHELL) $(top_builddir)/libtool'
LN_S='ln -s'
LTLIBOBJS=''
MAKEINFO='makeinfo'
OBJEXT='o'
PACKAGE='comical'
PACKAGE_BUGREPORT=''
PACKAGE_NAME=''
PACKAGE_STRING=''
PACKAGE_TARNAME=''
PACKAGE_VERSION=''
PATH_SEPARATOR=':'
RANLIB='ranlib'
SET_MAKE=''
SHELL='/bin/sh'
STRIP='strip'
VERSION='0.4'
WX_LIBS='-pthread -lwx_gtk2-2.4'
ac_ct_CC='gcc'
ac_ct_CXX=''
ac_ct_RANLIB='ranlib'
ac_ct_STRIP='strip'
bindir='${exec_prefix}/bin'
build='i686-pc-linux-gnu'
build_alias=''
build_cpu='i686'
build_os='linux-gnu'
build_vendor='pc'
datadir='${prefix}/share'
exec_prefix='${prefix}'
host='i686-pc-linux-gnu'
host_alias=''
host_cpu='i686'
host_os='linux-gnu'
host_vendor='pc'
includedir='${prefix}/include'
infodir='${prefix}/info'
libdir='${exec_prefix}/lib'
libexecdir='${exec_prefix}/libexec'
localstatedir='${prefix}/var'
mandir='${prefix}/man'
oldincludedir='/usr/include'
prefix='/usr/local'
program_transform_name='s,x,x,'
sbindir='${exec_prefix}/sbin'
sharedstatedir='${prefix}/com'
sysconfdir='${prefix}/etc'
target_alias=''

## ----------- ##
## confdefs.h. ##
## ----------- ##

#define HAVE_DLFCN_H 1
#define HAVE_INTTYPES_H 1
#define HAVE_MEMORY_H 1
#define HAVE_STDINT_H 1
#define HAVE_STDLIB_H 1
#define HAVE_STRINGS_H 1
#define HAVE_STRING_H 1
#define HAVE_SYS_STAT_H 1
#define HAVE_SYS_TYPES_H 1
#define HAVE_UNISTD_H 1
#define PACKAGE "comical"
#define PACKAGE_BUGREPORT ""
#define PACKAGE_NAME ""
#define PACKAGE_STRING ""
#define PACKAGE_TARNAME ""
#define PACKAGE_VERSION ""
#define STDC_HEADERS 1
#define VERSION "0.4"
#endif
#ifdef __cplusplus
extern "C" void std::exit (int) throw (); using std::exit;

configure: exit 0

## ---------------------- ##
## Running config.status. ##
## ---------------------- ##

This file was extended by config.status, which was
generated by GNU Autoconf 2.58.  Invocation command line was

  CONFIG_FILES    = 
  CONFIG_HEADERS  = 
  CONFIG_LINKS    = 
  CONFIG_COMMANDS = 
  $ ./config.status --recheck

on lightstruk

